
*** Running vivado
    with args -log TP4.vds -m64 -product Vivado -mode batch -messageDb vivado.pb -notrace -source TP4.tcl


ECHO is off.
ECHO is off.

****** Vivado v2023.1 (64-bit)
  **** SW Build 3865809 on Sun May  7 15:05:29 MDT 2023
  **** IP Build 3864474 on Sun May  7 20:36:21 MDT 2023
  **** SharedData Build 3865790 on Sun May 07 13:33:03 MDT 2023
    ** Copyright 1986-2022 Xilinx, Inc. All Rights Reserved.
    ** Copyright 2022-2023 Advanced Micro Devices, Inc. All Rights Reserved.

source TP4.tcl -notrace
create_project: Time (s): cpu = 00:00:03 ; elapsed = 00:00:07 . Memory (MB): peak = 434.043 ; gain = 161.254
Command: read_checkpoint -auto_incremental -incremental C:/Users/diezf/TP4/TP4.srcs/utils_1/imports/synth_1/TP4.dcp
INFO: [Vivado 12-5825] Read reference checkpoint from C:/Users/diezf/TP4/TP4.srcs/utils_1/imports/synth_1/TP4.dcp for incremental synthesis
INFO: [Vivado 12-7989] Please ensure there are no constraint changes
Command: synth_design -top TP4 -part xc7a35tcpg236-1
Starting synth_design
Attempting to get a license for feature 'Synthesis' and/or device 'xc7a35t'
INFO: [Common 17-349] Got license for feature 'Synthesis' and/or device 'xc7a35t'
INFO: [Device 21-403] Loading part xc7a35tcpg236-1
INFO: [Designutils 20-5440] No compile time benefit to using incremental synthesis; A full resynthesis will be run
INFO: [Designutils 20-4379] Flow is switching to default flow due to incremental criteria not met. If you would like to alter this behaviour and have the flow terminate instead, please set the following parameter config_implementation {autoIncr.Synth.RejectBehavior Terminate}
INFO: [Synth 8-7079] Multithreading enabled for synth_design using a maximum of 2 processes.
INFO: [Synth 8-7078] Launching helper process for spawning children vivado processes
INFO: [Synth 8-7075] Helper process launched with PID 24400
---------------------------------------------------------------------------------
Starting RTL Elaboration : Time (s): cpu = 00:00:02 ; elapsed = 00:00:08 . Memory (MB): peak = 1251.863 ; gain = 410.641
---------------------------------------------------------------------------------
INFO: [Synth 8-638] synthesizing module 'TP4' [C:/Users/diezf/TP4/TP4.srcs/sources_1/new/TP4.vhd:47]
WARNING: [Synth 8-614] signal 'R_SUM' is read in the process but is not in the sensitivity list [C:/Users/diezf/TP4/TP4.srcs/sources_1/new/TP4.vhd:91]
WARNING: [Synth 8-614] signal 'R_DIF' is read in the process but is not in the sensitivity list [C:/Users/diezf/TP4/TP4.srcs/sources_1/new/TP4.vhd:91]
WARNING: [Synth 8-614] signal 'R_AND' is read in the process but is not in the sensitivity list [C:/Users/diezf/TP4/TP4.srcs/sources_1/new/TP4.vhd:91]
WARNING: [Synth 8-614] signal 'R_XOR' is read in the process but is not in the sensitivity list [C:/Users/diezf/TP4/TP4.srcs/sources_1/new/TP4.vhd:91]
INFO: [Synth 8-256] done synthesizing module 'TP4' (0#1) [C:/Users/diezf/TP4/TP4.srcs/sources_1/new/TP4.vhd:47]
WARNING: [Synth 8-7129] Port RESULT[7] in module TP4 is either unconnected or has no load
WARNING: [Synth 8-7129] Port RESULT[6] in module TP4 is either unconnected or has no load
WARNING: [Synth 8-7129] Port RESULT[5] in module TP4 is either unconnected or has no load
WARNING: [Synth 8-7129] Port RESULT[4] in module TP4 is either unconnected or has no load
WARNING: [Synth 8-7129] Port RESULT[3] in module TP4 is either unconnected or has no load
WARNING: [Synth 8-7129] Port RESULT[2] in module TP4 is either unconnected or has no load
WARNING: [Synth 8-7129] Port RESULT[1] in module TP4 is either unconnected or has no load
WARNING: [Synth 8-7129] Port RESULT[0] in module TP4 is either unconnected or has no load
---------------------------------------------------------------------------------
Finished RTL Elaboration : Time (s): cpu = 00:00:03 ; elapsed = 00:00:11 . Memory (MB): peak = 1342.148 ; gain = 500.926
---------------------------------------------------------------------------------
---------------------------------------------------------------------------------
Start Handling Custom Attributes
---------------------------------------------------------------------------------
---------------------------------------------------------------------------------
Finished Handling Custom Attributes : Time (s): cpu = 00:00:03 ; elapsed = 00:00:11 . Memory (MB): peak = 1342.148 ; gain = 500.926
---------------------------------------------------------------------------------
---------------------------------------------------------------------------------
Finished RTL Optimization Phase 1 : Time (s): cpu = 00:00:03 ; elapsed = 00:00:11 . Memory (MB): peak = 1342.148 ; gain = 500.926
---------------------------------------------------------------------------------
Netlist sorting complete. Time (s): cpu = 00:00:00 ; elapsed = 00:00:00 . Memory (MB): peak = 1342.148 ; gain = 0.000
INFO: [Project 1-570] Preparing netlist for logic optimization

Processing XDC Constraints
Initializing timing engine
Parsing XDC File [C:/Users/diezf/TP4/TP4.srcs/constrs_1/new/Prueba1.xdc]
WARNING: [Vivado 12-584] No ports matched 'SIGN'. [C:/Users/diezf/TP4/TP4.srcs/constrs_1/new/Prueba1.xdc:26]
CRITICAL WARNING: [Common 17-55] 'set_property' expects at least one object. [C:/Users/diezf/TP4/TP4.srcs/constrs_1/new/Prueba1.xdc:26]
Resolution: If [get_<value>] was used to populate the object, check to make sure this command returns at least one valid object.
WARNING: [Vivado 12-584] No ports matched 'SIGN'. [C:/Users/diezf/TP4/TP4.srcs/constrs_1/new/Prueba1.xdc:59]
CRITICAL WARNING: [Common 17-55] 'set_property' expects at least one object. [C:/Users/diezf/TP4/TP4.srcs/constrs_1/new/Prueba1.xdc:59]
Resolution: If [get_<value>] was used to populate the object, check to make sure this command returns at least one valid object.
WARNING: [Vivado 12-507] No nets matched 'BTN2_IBUF'. [C:/Users/diezf/TP4/TP4.srcs/constrs_1/new/Prueba1.xdc:60]
CRITICAL WARNING: [Common 17-55] 'set_property' expects at least one object. [C:/Users/diezf/TP4/TP4.srcs/constrs_1/new/Prueba1.xdc:60]
Resolution: If [get_<value>] was used to populate the object, check to make sure this command returns at least one valid object.
Finished Parsing XDC File [C:/Users/diezf/TP4/TP4.srcs/constrs_1/new/Prueba1.xdc]
INFO: [Project 1-236] Implementation specific constraints were found while reading constraint file [C:/Users/diezf/TP4/TP4.srcs/constrs_1/new/Prueba1.xdc]. These constraints will be ignored for synthesis but will be used in implementation. Impacted constraints are listed in the file [.Xil/TP4_propImpl.xdc].
Resolution: To avoid this warning, move constraints listed in [.Xil/TP4_propImpl.xdc] to another XDC file and exclude this new file from synthesis with the used_in_synthesis property (File Properties dialog in GUI) and re-run elaboration/synthesis.
Completed Processing XDC Constraints

Netlist sorting complete. Time (s): cpu = 00:00:00 ; elapsed = 00:00:00 . Memory (MB): peak = 1342.148 ; gain = 0.000
INFO: [Project 1-111] Unisim Transformation Summary:
No Unisim elements were transformed.

Constraint Validation Runtime : Time (s): cpu = 00:00:00 ; elapsed = 00:00:00.011 . Memory (MB): peak = 1342.148 ; gain = 0.000
INFO: [Designutils 20-5440] No compile time benefit to using incremental synthesis; A full resynthesis will be run
INFO: [Designutils 20-4379] Flow is switching to default flow due to incremental criteria not met. If you would like to alter this behaviour and have the flow terminate instead, please set the following parameter config_implementation {autoIncr.Synth.RejectBehavior Terminate}
---------------------------------------------------------------------------------
Finished Constraint Validation : Time (s): cpu = 00:00:07 ; elapsed = 00:00:22 . Memory (MB): peak = 1342.148 ; gain = 500.926
---------------------------------------------------------------------------------
---------------------------------------------------------------------------------
Start Loading Part and Timing Information
---------------------------------------------------------------------------------
Loading part: xc7a35tcpg236-1
---------------------------------------------------------------------------------
Finished Loading Part and Timing Information : Time (s): cpu = 00:00:07 ; elapsed = 00:00:22 . Memory (MB): peak = 1342.148 ; gain = 500.926
---------------------------------------------------------------------------------
---------------------------------------------------------------------------------
Start Applying 'set_property' XDC Constraints
---------------------------------------------------------------------------------
---------------------------------------------------------------------------------
Finished applying 'set_property' XDC Constraints : Time (s): cpu = 00:00:07 ; elapsed = 00:00:22 . Memory (MB): peak = 1342.148 ; gain = 500.926
---------------------------------------------------------------------------------
WARNING: [Synth 8-327] inferring latch for variable 'CARRY_reg' [C:/Users/diezf/TP4/TP4.srcs/sources_1/new/TP4.vhd:97]
---------------------------------------------------------------------------------
Finished RTL Optimization Phase 2 : Time (s): cpu = 00:00:07 ; elapsed = 00:00:23 . Memory (MB): peak = 1342.148 ; gain = 500.926
---------------------------------------------------------------------------------
---------------------------------------------------------------------------------
Start RTL Component Statistics 
---------------------------------------------------------------------------------
Detailed RTL Component Info : 
+---Adders : 
	   3 Input    9 Bit       Adders := 1     
	   2 Input    9 Bit       Adders := 1     
+---Muxes : 
	   2 Input    1 Bit        Muxes := 2     
---------------------------------------------------------------------------------
Finished RTL Component Statistics 
---------------------------------------------------------------------------------
---------------------------------------------------------------------------------
Start Part Resource Summary
---------------------------------------------------------------------------------
Part Resources:
DSPs: 90 (col length:60)
BRAMs: 100 (col length: RAMB18 60 RAMB36 30)
---------------------------------------------------------------------------------
Finished Part Resource Summary
---------------------------------------------------------------------------------
---------------------------------------------------------------------------------
Start Cross Boundary and Area Optimization
---------------------------------------------------------------------------------
WARNING: [Synth 8-7080] Parallel synthesis criteria is not met
WARNING: [Synth 8-7129] Port RESULT[7] in module TP4 is either unconnected or has no load
WARNING: [Synth 8-7129] Port RESULT[6] in module TP4 is either unconnected or has no load
WARNING: [Synth 8-7129] Port RESULT[5] in module TP4 is either unconnected or has no load
WARNING: [Synth 8-7129] Port RESULT[4] in module TP4 is either unconnected or has no load
WARNING: [Synth 8-7129] Port RESULT[3] in module TP4 is either unconnected or has no load
WARNING: [Synth 8-7129] Port RESULT[2] in module TP4 is either unconnected or has no load
WARNING: [Synth 8-7129] Port RESULT[1] in module TP4 is either unconnected or has no load
WARNING: [Synth 8-7129] Port RESULT[0] in module TP4 is either unconnected or has no load
---------------------------------------------------------------------------------
Finished Cross Boundary and Area Optimization : Time (s): cpu = 00:00:07 ; elapsed = 00:00:25 . Memory (MB): peak = 1342.148 ; gain = 500.926
---------------------------------------------------------------------------------
---------------------------------------------------------------------------------
Start Applying XDC Timing Constraints
---------------------------------------------------------------------------------
---------------------------------------------------------------------------------
Finished Applying XDC Timing Constraints : Time (s): cpu = 00:00:10 ; elapsed = 00:00:32 . Memory (MB): peak = 1342.148 ; gain = 500.926
---------------------------------------------------------------------------------
---------------------------------------------------------------------------------
Start Timing Optimization
---------------------------------------------------------------------------------
---------------------------------------------------------------------------------
Finished Timing Optimization : Time (s): cpu = 00:00:10 ; elapsed = 00:00:32 . Memory (MB): peak = 1342.148 ; gain = 500.926
---------------------------------------------------------------------------------
---------------------------------------------------------------------------------
Start Technology Mapping
---------------------------------------------------------------------------------
---------------------------------------------------------------------------------
Finished Technology Mapping : Time (s): cpu = 00:00:10 ; elapsed = 00:00:32 . Memory (MB): peak = 1342.148 ; gain = 500.926
---------------------------------------------------------------------------------
---------------------------------------------------------------------------------
Start IO Insertion
---------------------------------------------------------------------------------
---------------------------------------------------------------------------------
Start Flattening Before IO Insertion
---------------------------------------------------------------------------------
---------------------------------------------------------------------------------
Finished Flattening Before IO Insertion
---------------------------------------------------------------------------------
---------------------------------------------------------------------------------
Start Final Netlist Cleanup
---------------------------------------------------------------------------------
---------------------------------------------------------------------------------
Finished Final Netlist Cleanup
---------------------------------------------------------------------------------
---------------------------------------------------------------------------------
Finished IO Insertion : Time (s): cpu = 00:00:12 ; elapsed = 00:00:38 . Memory (MB): peak = 1355.832 ; gain = 514.609
---------------------------------------------------------------------------------
---------------------------------------------------------------------------------
Start Renaming Generated Instances
---------------------------------------------------------------------------------
---------------------------------------------------------------------------------
Finished Renaming Generated Instances : Time (s): cpu = 00:00:12 ; elapsed = 00:00:38 . Memory (MB): peak = 1355.832 ; gain = 514.609
---------------------------------------------------------------------------------
---------------------------------------------------------------------------------
Start Rebuilding User Hierarchy
---------------------------------------------------------------------------------
---------------------------------------------------------------------------------
Finished Rebuilding User Hierarchy : Time (s): cpu = 00:00:12 ; elapsed = 00:00:38 . Memory (MB): peak = 1355.832 ; gain = 514.609
---------------------------------------------------------------------------------
---------------------------------------------------------------------------------
Start Renaming Generated Ports
---------------------------------------------------------------------------------
---------------------------------------------------------------------------------
Finished Renaming Generated Ports : Time (s): cpu = 00:00:12 ; elapsed = 00:00:38 . Memory (MB): peak = 1355.832 ; gain = 514.609
---------------------------------------------------------------------------------
---------------------------------------------------------------------------------
Start Handling Custom Attributes
---------------------------------------------------------------------------------
---------------------------------------------------------------------------------
Finished Handling Custom Attributes : Time (s): cpu = 00:00:12 ; elapsed = 00:00:38 . Memory (MB): peak = 1355.832 ; gain = 514.609
---------------------------------------------------------------------------------
---------------------------------------------------------------------------------
Start Renaming Generated Nets
---------------------------------------------------------------------------------
---------------------------------------------------------------------------------
Finished Renaming Generated Nets : Time (s): cpu = 00:00:12 ; elapsed = 00:00:38 . Memory (MB): peak = 1355.832 ; gain = 514.609
---------------------------------------------------------------------------------
---------------------------------------------------------------------------------
Start Writing Synthesis Report
---------------------------------------------------------------------------------

Report BlackBoxes: 
+-+--------------+----------+
| |BlackBox name |Instances |
+-+--------------+----------+
+-+--------------+----------+

Report Cell Usage: 
+------+-------+------+
|      |Cell   |Count |
+------+-------+------+
|1     |BUFG   |     1|
|2     |CARRY4 |     4|
|3     |LUT1   |     1|
|4     |LUT2   |    16|
|5     |LUT4   |     1|
|6     |LD     |     1|
|7     |IBUF   |    18|
|8     |OBUF   |     1|
+------+-------+------+
---------------------------------------------------------------------------------
Finished Writing Synthesis Report : Time (s): cpu = 00:00:12 ; elapsed = 00:00:38 . Memory (MB): peak = 1355.832 ; gain = 514.609
---------------------------------------------------------------------------------
Synthesis finished with 0 errors, 0 critical warnings and 10 warnings.
Synthesis Optimization Runtime : Time (s): cpu = 00:00:08 ; elapsed = 00:00:35 . Memory (MB): peak = 1355.832 ; gain = 514.609
Synthesis Optimization Complete : Time (s): cpu = 00:00:12 ; elapsed = 00:00:39 . Memory (MB): peak = 1355.832 ; gain = 514.609
INFO: [Project 1-571] Translating synthesized netlist
Netlist sorting complete. Time (s): cpu = 00:00:00 ; elapsed = 00:00:00.001 . Memory (MB): peak = 1367.895 ; gain = 0.000
INFO: [Netlist 29-17] Analyzing 5 Unisim elements for replacement
INFO: [Netlist 29-28] Unisim Transformation completed in 0 CPU seconds
INFO: [Project 1-570] Preparing netlist for logic optimization
INFO: [Opt 31-138] Pushed 1 inverter(s) to 1 load pin(s).
Netlist sorting complete. Time (s): cpu = 00:00:00 ; elapsed = 00:00:00 . Memory (MB): peak = 1376.598 ; gain = 0.000
INFO: [Project 1-111] Unisim Transformation Summary:
  A total of 1 instances were transformed.
  LD => LDCE (inverted pins: G): 1 instance 

Synth Design complete | Checksum: 9b143c96
INFO: [Common 17-83] Releasing license: Synthesis
23 Infos, 25 Warnings, 3 Critical Warnings and 0 Errors encountered.
synth_design completed successfully
synth_design: Time (s): cpu = 00:00:14 ; elapsed = 00:00:46 . Memory (MB): peak = 1376.598 ; gain = 917.711
INFO: [runtcl-6] Synthesis results are not added to the cache due to CRITICAL_WARNING
INFO: [Common 17-1381] The checkpoint 'C:/Users/diezf/TP4/TP4.runs/synth_1/TP4.dcp' has been generated.
INFO: [runtcl-4] Executing : report_utilization -file TP4_utilization_synth.rpt -pb TP4_utilization_synth.pb
INFO: [Common 17-206] Exiting Vivado at Tue May 23 22:21:12 2023...
